ERROR:    Exception in ASGI application
Traceback (most recent call last):
  File "/home/kareltestspecial/port-registry/venv/lib/python3.11/site-packages/uvicorn/protocols/http/h11_impl.py", line 410, in run_asgi
  File "/home/kareltestspecial/port-registry/venv/lib/python3.11/site-packages/uvicorn/middleware/proxy_headers.py", line 60, in __call__
  File "/home/kareltestspecial/port-registry/venv/lib/python3.11/site-packages/fastapi/applications.py", line 1134, in __call__
  File "/home/kareltestspecial/port-registry/venv/lib/python3.11/site-packages/starlette/applications.py", line 107, in __call__
  File "/home/kareltestspecial/port-registry/venv/lib/python3.11/site-packages/starlette/middleware/errors.py", line 186, in __call__
  File "/home/kareltestspecial/port-registry/venv/lib/python3.11/site-packages/starlette/middleware/errors.py", line 164, in __call__
  File "/home/kareltestspecial/port-registry/venv/lib/python3.11/site-packages/starlette/middleware/cors.py", line 95, in __call__
  File "/home/kareltestspecial/port-registry/venv/lib/python3.11/site-packages/starlette/middleware/cors.py", line 153, in simple_response
  File "/home/kareltestspecial/port-registry/venv/lib/python3.11/site-packages/starlette/middleware/exceptions.py", line 63, in __call__
  File "/home/kareltestspecial/port-registry/venv/lib/python3.11/site-packages/starlette/_exception_handler.py", line 53, in wrapped_app
  File "/home/kareltestspecial/port-registry/venv/lib/python3.11/site-packages/starlette/_exception_handler.py", line 42, in wrapped_app
  File "/home/kareltestspecial/port-registry/venv/lib/python3.11/site-packages/fastapi/middleware/asyncexitstack.py", line 18, in __call__
  File "/home/kareltestspecial/port-registry/venv/lib/python3.11/site-packages/starlette/routing.py", line 716, in __call__
  File "/home/kareltestspecial/port-registry/venv/lib/python3.11/site-packages/starlette/routing.py", line 736, in app
  File "/home/kareltestspecial/port-registry/venv/lib/python3.11/site-packages/starlette/routing.py", line 290, in handle
  File "/home/kareltestspecial/port-registry/venv/lib/python3.11/site-packages/fastapi/routing.py", line 119, in app
  File "/home/kareltestspecial/port-registry/venv/lib/python3.11/site-packages/starlette/_exception_handler.py", line 53, in wrapped_app
  File "/home/kareltestspecial/port-registry/venv/lib/python3.11/site-packages/starlette/_exception_handler.py", line 42, in wrapped_app
  File "/home/kareltestspecial/port-registry/venv/lib/python3.11/site-packages/fastapi/routing.py", line 105, in app
  File "/home/kareltestspecial/port-registry/venv/lib/python3.11/site-packages/fastapi/routing.py", line 424, in app
  File "/home/kareltestspecial/port-registry/venv/lib/python3.11/site-packages/fastapi/routing.py", line 314, in run_endpoint_function
  File "/home/kareltestspecial/port-registry/venv/lib/python3.11/site-packages/starlette/concurrency.py", line 32, in run_in_threadpool
  File "/home/kareltestspecial/port-registry/venv/lib/python3.11/site-packages/anyio/to_thread.py", line 63, in run_sync
  File "/home/kareltestspecial/port-registry/venv/lib/python3.11/site-packages/anyio/_backends/_asyncio.py", line 2502, in run_sync_in_worker_thread
  File "/home/kareltestspecial/port-registry/venv/lib/python3.11/site-packages/anyio/_backends/_asyncio.py", line 986, in run
  File "/home/kareltestspecial/port-registry/server.py", line 93, in get_all_ports
  File "/home/kareltestspecial/port-registry/server.py", line 40, in load
FileNotFoundError: [Errno 2] No such file or directory: '/home/kareltestspecial/port-registry/registry.json'
ERROR:    Exception in ASGI application
Traceback (most recent call last):
  File "/home/kareltestspecial/port-registry/venv/lib/python3.11/site-packages/uvicorn/protocols/http/h11_impl.py", line 410, in run_asgi
  File "/home/kareltestspecial/port-registry/venv/lib/python3.11/site-packages/uvicorn/middleware/proxy_headers.py", line 60, in __call__
  File "/home/kareltestspecial/port-registry/venv/lib/python3.11/site-packages/fastapi/applications.py", line 1134, in __call__
  File "/home/kareltestspecial/port-registry/venv/lib/python3.11/site-packages/starlette/applications.py", line 107, in __call__
  File "/home/kareltestspecial/port-registry/venv/lib/python3.11/site-packages/starlette/middleware/errors.py", line 186, in __call__
  File "/home/kareltestspecial/port-registry/venv/lib/python3.11/site-packages/starlette/middleware/errors.py", line 164, in __call__
  File "/home/kareltestspecial/port-registry/venv/lib/python3.11/site-packages/starlette/middleware/cors.py", line 95, in __call__
  File "/home/kareltestspecial/port-registry/venv/lib/python3.11/site-packages/starlette/middleware/cors.py", line 153, in simple_response
  File "/home/kareltestspecial/port-registry/venv/lib/python3.11/site-packages/starlette/middleware/exceptions.py", line 63, in __call__
  File "/home/kareltestspecial/port-registry/venv/lib/python3.11/site-packages/starlette/_exception_handler.py", line 53, in wrapped_app
  File "/home/kareltestspecial/port-registry/venv/lib/python3.11/site-packages/starlette/_exception_handler.py", line 42, in wrapped_app
  File "/home/kareltestspecial/port-registry/venv/lib/python3.11/site-packages/fastapi/middleware/asyncexitstack.py", line 18, in __call__
  File "/home/kareltestspecial/port-registry/venv/lib/python3.11/site-packages/starlette/routing.py", line 716, in __call__
  File "/home/kareltestspecial/port-registry/venv/lib/python3.11/site-packages/starlette/routing.py", line 736, in app
  File "/home/kareltestspecial/port-registry/venv/lib/python3.11/site-packages/starlette/routing.py", line 290, in handle
  File "/home/kareltestspecial/port-registry/venv/lib/python3.11/site-packages/fastapi/routing.py", line 119, in app
  File "/home/kareltestspecial/port-registry/venv/lib/python3.11/site-packages/starlette/_exception_handler.py", line 53, in wrapped_app
  File "/home/kareltestspecial/port-registry/venv/lib/python3.11/site-packages/starlette/_exception_handler.py", line 42, in wrapped_app
  File "/home/kareltestspecial/port-registry/venv/lib/python3.11/site-packages/fastapi/routing.py", line 105, in app
  File "/home/kareltestspecial/port-registry/venv/lib/python3.11/site-packages/fastapi/routing.py", line 424, in app
  File "/home/kareltestspecial/port-registry/venv/lib/python3.11/site-packages/fastapi/routing.py", line 314, in run_endpoint_function
  File "/home/kareltestspecial/port-registry/venv/lib/python3.11/site-packages/starlette/concurrency.py", line 32, in run_in_threadpool
  File "/home/kareltestspecial/port-registry/venv/lib/python3.11/site-packages/anyio/to_thread.py", line 63, in run_sync
  File "/home/kareltestspecial/port-registry/venv/lib/python3.11/site-packages/anyio/_backends/_asyncio.py", line 2502, in run_sync_in_worker_thread
  File "/home/kareltestspecial/port-registry/venv/lib/python3.11/site-packages/anyio/_backends/_asyncio.py", line 986, in run
  File "/home/kareltestspecial/port-registry/server.py", line 93, in get_all_ports
  File "/home/kareltestspecial/port-registry/server.py", line 40, in load
FileNotFoundError: [Errno 2] No such file or directory: '/home/kareltestspecial/port-registry/registry.json'
ERROR:    Exception in ASGI application
Traceback (most recent call last):
  File "/home/kareltestspecial/port-registry/venv/lib/python3.11/site-packages/uvicorn/protocols/http/h11_impl.py", line 410, in run_asgi
  File "/home/kareltestspecial/port-registry/venv/lib/python3.11/site-packages/uvicorn/middleware/proxy_headers.py", line 60, in __call__
  File "/home/kareltestspecial/port-registry/venv/lib/python3.11/site-packages/fastapi/applications.py", line 1134, in __call__
  File "/home/kareltestspecial/port-registry/venv/lib/python3.11/site-packages/starlette/applications.py", line 107, in __call__
  File "/home/kareltestspecial/port-registry/venv/lib/python3.11/site-packages/starlette/middleware/errors.py", line 186, in __call__
  File "/home/kareltestspecial/port-registry/venv/lib/python3.11/site-packages/starlette/middleware/errors.py", line 164, in __call__
  File "/home/kareltestspecial/port-registry/venv/lib/python3.11/site-packages/starlette/middleware/cors.py", line 95, in __call__
  File "/home/kareltestspecial/port-registry/venv/lib/python3.11/site-packages/starlette/middleware/cors.py", line 153, in simple_response
  File "/home/kareltestspecial/port-registry/venv/lib/python3.11/site-packages/starlette/middleware/exceptions.py", line 63, in __call__
  File "/home/kareltestspecial/port-registry/venv/lib/python3.11/site-packages/starlette/_exception_handler.py", line 53, in wrapped_app
  File "/home/kareltestspecial/port-registry/venv/lib/python3.11/site-packages/starlette/_exception_handler.py", line 42, in wrapped_app
  File "/home/kareltestspecial/port-registry/venv/lib/python3.11/site-packages/fastapi/middleware/asyncexitstack.py", line 18, in __call__
  File "/home/kareltestspecial/port-registry/venv/lib/python3.11/site-packages/starlette/routing.py", line 716, in __call__
  File "/home/kareltestspecial/port-registry/venv/lib/python3.11/site-packages/starlette/routing.py", line 736, in app
  File "/home/kareltestspecial/port-registry/venv/lib/python3.11/site-packages/starlette/routing.py", line 290, in handle
  File "/home/kareltestspecial/port-registry/venv/lib/python3.11/site-packages/fastapi/routing.py", line 119, in app
  File "/home/kareltestspecial/port-registry/venv/lib/python3.11/site-packages/starlette/_exception_handler.py", line 53, in wrapped_app
  File "/home/kareltestspecial/port-registry/venv/lib/python3.11/site-packages/starlette/_exception_handler.py", line 42, in wrapped_app
  File "/home/kareltestspecial/port-registry/venv/lib/python3.11/site-packages/fastapi/routing.py", line 105, in app
  File "/home/kareltestspecial/port-registry/venv/lib/python3.11/site-packages/fastapi/routing.py", line 424, in app
  File "/home/kareltestspecial/port-registry/venv/lib/python3.11/site-packages/fastapi/routing.py", line 314, in run_endpoint_function
  File "/home/kareltestspecial/port-registry/venv/lib/python3.11/site-packages/starlette/concurrency.py", line 32, in run_in_threadpool
  File "/home/kareltestspecial/port-registry/venv/lib/python3.11/site-packages/anyio/to_thread.py", line 63, in run_sync
  File "/home/kareltestspecial/port-registry/venv/lib/python3.11/site-packages/anyio/_backends/_asyncio.py", line 2502, in run_sync_in_worker_thread
  File "/home/kareltestspecial/port-registry/venv/lib/python3.11/site-packages/anyio/_backends/_asyncio.py", line 986, in run
  File "/home/kareltestspecial/port-registry/server.py", line 93, in get_all_ports
  File "/home/kareltestspecial/port-registry/server.py", line 40, in load
FileNotFoundError: [Errno 2] No such file or directory: '/home/kareltestspecial/port-registry/registry.json'
ERROR:    Exception in ASGI application
Traceback (most recent call last):
  File "/home/kareltestspecial/port-registry/venv/lib/python3.11/site-packages/uvicorn/protocols/http/h11_impl.py", line 410, in run_asgi
  File "/home/kareltestspecial/port-registry/venv/lib/python3.11/site-packages/uvicorn/middleware/proxy_headers.py", line 60, in __call__
  File "/home/kareltestspecial/port-registry/venv/lib/python3.11/site-packages/fastapi/applications.py", line 1134, in __call__
  File "/home/kareltestspecial/port-registry/venv/lib/python3.11/site-packages/starlette/applications.py", line 107, in __call__
  File "/home/kareltestspecial/port-registry/venv/lib/python3.11/site-packages/starlette/middleware/errors.py", line 186, in __call__
  File "/home/kareltestspecial/port-registry/venv/lib/python3.11/site-packages/starlette/middleware/errors.py", line 164, in __call__
  File "/home/kareltestspecial/port-registry/venv/lib/python3.11/site-packages/starlette/middleware/cors.py", line 95, in __call__
  File "/home/kareltestspecial/port-registry/venv/lib/python3.11/site-packages/starlette/middleware/cors.py", line 153, in simple_response
  File "/home/kareltestspecial/port-registry/venv/lib/python3.11/site-packages/starlette/middleware/exceptions.py", line 63, in __call__
  File "/home/kareltestspecial/port-registry/venv/lib/python3.11/site-packages/starlette/_exception_handler.py", line 53, in wrapped_app
  File "/home/kareltestspecial/port-registry/venv/lib/python3.11/site-packages/starlette/_exception_handler.py", line 42, in wrapped_app
  File "/home/kareltestspecial/port-registry/venv/lib/python3.11/site-packages/fastapi/middleware/asyncexitstack.py", line 18, in __call__
  File "/home/kareltestspecial/port-registry/venv/lib/python3.11/site-packages/starlette/routing.py", line 716, in __call__
  File "/home/kareltestspecial/port-registry/venv/lib/python3.11/site-packages/starlette/routing.py", line 736, in app
  File "/home/kareltestspecial/port-registry/venv/lib/python3.11/site-packages/starlette/routing.py", line 290, in handle
  File "/home/kareltestspecial/port-registry/venv/lib/python3.11/site-packages/fastapi/routing.py", line 119, in app
  File "/home/kareltestspecial/port-registry/venv/lib/python3.11/site-packages/starlette/_exception_handler.py", line 53, in wrapped_app
  File "/home/kareltestspecial/port-registry/venv/lib/python3.11/site-packages/starlette/_exception_handler.py", line 42, in wrapped_app
  File "/home/kareltestspecial/port-registry/venv/lib/python3.11/site-packages/fastapi/routing.py", line 105, in app
  File "/home/kareltestspecial/port-registry/venv/lib/python3.11/site-packages/fastapi/routing.py", line 424, in app
  File "/home/kareltestspecial/port-registry/venv/lib/python3.11/site-packages/fastapi/routing.py", line 314, in run_endpoint_function
  File "/home/kareltestspecial/port-registry/venv/lib/python3.11/site-packages/starlette/concurrency.py", line 32, in run_in_threadpool
  File "/home/kareltestspecial/port-registry/venv/lib/python3.11/site-packages/anyio/to_thread.py", line 63, in run_sync
  File "/home/kareltestspecial/port-registry/venv/lib/python3.11/site-packages/anyio/_backends/_asyncio.py", line 2502, in run_sync_in_worker_thread
  File "/home/kareltestspecial/port-registry/venv/lib/python3.11/site-packages/anyio/_backends/_asyncio.py", line 986, in run
  File "/home/kareltestspecial/port-registry/server.py", line 93, in get_all_ports
  File "/home/kareltestspecial/port-registry/server.py", line 40, in load
FileNotFoundError: [Errno 2] No such file or directory: '/home/kareltestspecial/port-registry/registry.json'
ERROR:    Exception in ASGI application
Traceback (most recent call last):
  File "/home/kareltestspecial/port-registry/venv/lib/python3.11/site-packages/uvicorn/protocols/http/h11_impl.py", line 410, in run_asgi
  File "/home/kareltestspecial/port-registry/venv/lib/python3.11/site-packages/uvicorn/middleware/proxy_headers.py", line 60, in __call__
  File "/home/kareltestspecial/port-registry/venv/lib/python3.11/site-packages/fastapi/applications.py", line 1134, in __call__
  File "/home/kareltestspecial/port-registry/venv/lib/python3.11/site-packages/starlette/applications.py", line 107, in __call__
  File "/home/kareltestspecial/port-registry/venv/lib/python3.11/site-packages/starlette/middleware/errors.py", line 186, in __call__
  File "/home/kareltestspecial/port-registry/venv/lib/python3.11/site-packages/starlette/middleware/errors.py", line 164, in __call__
  File "/home/kareltestspecial/port-registry/venv/lib/python3.11/site-packages/starlette/middleware/cors.py", line 95, in __call__
  File "/home/kareltestspecial/port-registry/venv/lib/python3.11/site-packages/starlette/middleware/cors.py", line 153, in simple_response
  File "/home/kareltestspecial/port-registry/venv/lib/python3.11/site-packages/starlette/middleware/exceptions.py", line 63, in __call__
  File "/home/kareltestspecial/port-registry/venv/lib/python3.11/site-packages/starlette/_exception_handler.py", line 53, in wrapped_app
  File "/home/kareltestspecial/port-registry/venv/lib/python3.11/site-packages/starlette/_exception_handler.py", line 42, in wrapped_app
  File "/home/kareltestspecial/port-registry/venv/lib/python3.11/site-packages/fastapi/middleware/asyncexitstack.py", line 18, in __call__
  File "/home/kareltestspecial/port-registry/venv/lib/python3.11/site-packages/starlette/routing.py", line 716, in __call__
  File "/home/kareltestspecial/port-registry/venv/lib/python3.11/site-packages/starlette/routing.py", line 736, in app
  File "/home/kareltestspecial/port-registry/venv/lib/python3.11/site-packages/starlette/routing.py", line 290, in handle
  File "/home/kareltestspecial/port-registry/venv/lib/python3.11/site-packages/fastapi/routing.py", line 119, in app
  File "/home/kareltestspecial/port-registry/venv/lib/python3.11/site-packages/starlette/_exception_handler.py", line 53, in wrapped_app
  File "/home/kareltestspecial/port-registry/venv/lib/python3.11/site-packages/starlette/_exception_handler.py", line 42, in wrapped_app
  File "/home/kareltestspecial/port-registry/venv/lib/python3.11/site-packages/fastapi/routing.py", line 105, in app
  File "/home/kareltestspecial/port-registry/venv/lib/python3.11/site-packages/fastapi/routing.py", line 424, in app
  File "/home/kareltestspecial/port-registry/venv/lib/python3.11/site-packages/fastapi/routing.py", line 314, in run_endpoint_function
  File "/home/kareltestspecial/port-registry/venv/lib/python3.11/site-packages/starlette/concurrency.py", line 32, in run_in_threadpool
  File "/home/kareltestspecial/port-registry/venv/lib/python3.11/site-packages/anyio/to_thread.py", line 63, in run_sync
  File "/home/kareltestspecial/port-registry/venv/lib/python3.11/site-packages/anyio/_backends/_asyncio.py", line 2502, in run_sync_in_worker_thread
  File "/home/kareltestspecial/port-registry/venv/lib/python3.11/site-packages/anyio/_backends/_asyncio.py", line 986, in run
  File "/home/kareltestspecial/port-registry/server.py", line 93, in get_all_ports
  File "/home/kareltestspecial/port-registry/server.py", line 40, in load
FileNotFoundError: [Errno 2] No such file or directory: '/home/kareltestspecial/port-registry/registry.json'
ERROR:    Exception in ASGI application
Traceback (most recent call last):
  File "/home/kareltestspecial/port-registry/venv/lib/python3.11/site-packages/uvicorn/protocols/http/h11_impl.py", line 410, in run_asgi
  File "/home/kareltestspecial/port-registry/venv/lib/python3.11/site-packages/uvicorn/middleware/proxy_headers.py", line 60, in __call__
  File "/home/kareltestspecial/port-registry/venv/lib/python3.11/site-packages/fastapi/applications.py", line 1134, in __call__
  File "/home/kareltestspecial/port-registry/venv/lib/python3.11/site-packages/starlette/applications.py", line 107, in __call__
  File "/home/kareltestspecial/port-registry/venv/lib/python3.11/site-packages/starlette/middleware/errors.py", line 186, in __call__
  File "/home/kareltestspecial/port-registry/venv/lib/python3.11/site-packages/starlette/middleware/errors.py", line 164, in __call__
  File "/home/kareltestspecial/port-registry/venv/lib/python3.11/site-packages/starlette/middleware/cors.py", line 95, in __call__
  File "/home/kareltestspecial/port-registry/venv/lib/python3.11/site-packages/starlette/middleware/cors.py", line 153, in simple_response
  File "/home/kareltestspecial/port-registry/venv/lib/python3.11/site-packages/starlette/middleware/exceptions.py", line 63, in __call__
  File "/home/kareltestspecial/port-registry/venv/lib/python3.11/site-packages/starlette/_exception_handler.py", line 53, in wrapped_app
  File "/home/kareltestspecial/port-registry/venv/lib/python3.11/site-packages/starlette/_exception_handler.py", line 42, in wrapped_app
  File "/home/kareltestspecial/port-registry/venv/lib/python3.11/site-packages/fastapi/middleware/asyncexitstack.py", line 18, in __call__
  File "/home/kareltestspecial/port-registry/venv/lib/python3.11/site-packages/starlette/routing.py", line 716, in __call__
  File "/home/kareltestspecial/port-registry/venv/lib/python3.11/site-packages/starlette/routing.py", line 736, in app
  File "/home/kareltestspecial/port-registry/venv/lib/python3.11/site-packages/starlette/routing.py", line 290, in handle
  File "/home/kareltestspecial/port-registry/venv/lib/python3.11/site-packages/fastapi/routing.py", line 119, in app
  File "/home/kareltestspecial/port-registry/venv/lib/python3.11/site-packages/starlette/_exception_handler.py", line 53, in wrapped_app
  File "/home/kareltestspecial/port-registry/venv/lib/python3.11/site-packages/starlette/_exception_handler.py", line 42, in wrapped_app
  File "/home/kareltestspecial/port-registry/venv/lib/python3.11/site-packages/fastapi/routing.py", line 105, in app
  File "/home/kareltestspecial/port-registry/venv/lib/python3.11/site-packages/fastapi/routing.py", line 424, in app
  File "/home/kareltestspecial/port-registry/venv/lib/python3.11/site-packages/fastapi/routing.py", line 314, in run_endpoint_function
  File "/home/kareltestspecial/port-registry/venv/lib/python3.11/site-packages/starlette/concurrency.py", line 32, in run_in_threadpool
  File "/home/kareltestspecial/port-registry/venv/lib/python3.11/site-packages/anyio/to_thread.py", line 63, in run_sync
  File "/home/kareltestspecial/port-registry/venv/lib/python3.11/site-packages/anyio/_backends/_asyncio.py", line 2502, in run_sync_in_worker_thread
  File "/home/kareltestspecial/port-registry/venv/lib/python3.11/site-packages/anyio/_backends/_asyncio.py", line 986, in run
  File "/home/kareltestspecial/port-registry/server.py", line 93, in get_all_ports
  File "/home/kareltestspecial/port-registry/server.py", line 40, in load
FileNotFoundError: [Errno 2] No such file or directory: '/home/kareltestspecial/port-registry/registry.json'
ERROR:    Exception in ASGI application
Traceback (most recent call last):
  File "/home/kareltestspecial/port-registry/venv/lib/python3.11/site-packages/uvicorn/protocols/http/h11_impl.py", line 410, in run_asgi
  File "/home/kareltestspecial/port-registry/venv/lib/python3.11/site-packages/uvicorn/middleware/proxy_headers.py", line 60, in __call__
  File "/home/kareltestspecial/port-registry/venv/lib/python3.11/site-packages/fastapi/applications.py", line 1134, in __call__
  File "/home/kareltestspecial/port-registry/venv/lib/python3.11/site-packages/starlette/applications.py", line 107, in __call__
  File "/home/kareltestspecial/port-registry/venv/lib/python3.11/site-packages/starlette/middleware/errors.py", line 186, in __call__
  File "/home/kareltestspecial/port-registry/venv/lib/python3.11/site-packages/starlette/middleware/errors.py", line 164, in __call__
  File "/home/kareltestspecial/port-registry/venv/lib/python3.11/site-packages/starlette/middleware/cors.py", line 95, in __call__
  File "/home/kareltestspecial/port-registry/venv/lib/python3.11/site-packages/starlette/middleware/cors.py", line 153, in simple_response
  File "/home/kareltestspecial/port-registry/venv/lib/python3.11/site-packages/starlette/middleware/exceptions.py", line 63, in __call__
  File "/home/kareltestspecial/port-registry/venv/lib/python3.11/site-packages/starlette/_exception_handler.py", line 53, in wrapped_app
  File "/home/kareltestspecial/port-registry/venv/lib/python3.11/site-packages/starlette/_exception_handler.py", line 42, in wrapped_app
  File "/home/kareltestspecial/port-registry/venv/lib/python3.11/site-packages/fastapi/middleware/asyncexitstack.py", line 18, in __call__
  File "/home/kareltestspecial/port-registry/venv/lib/python3.11/site-packages/starlette/routing.py", line 716, in __call__
  File "/home/kareltestspecial/port-registry/venv/lib/python3.11/site-packages/starlette/routing.py", line 736, in app
  File "/home/kareltestspecial/port-registry/venv/lib/python3.11/site-packages/starlette/routing.py", line 290, in handle
  File "/home/kareltestspecial/port-registry/venv/lib/python3.11/site-packages/fastapi/routing.py", line 119, in app
  File "/home/kareltestspecial/port-registry/venv/lib/python3.11/site-packages/starlette/_exception_handler.py", line 53, in wrapped_app
  File "/home/kareltestspecial/port-registry/venv/lib/python3.11/site-packages/starlette/_exception_handler.py", line 42, in wrapped_app
  File "/home/kareltestspecial/port-registry/venv/lib/python3.11/site-packages/fastapi/routing.py", line 105, in app
  File "/home/kareltestspecial/port-registry/venv/lib/python3.11/site-packages/fastapi/routing.py", line 424, in app
  File "/home/kareltestspecial/port-registry/venv/lib/python3.11/site-packages/fastapi/routing.py", line 314, in run_endpoint_function
  File "/home/kareltestspecial/port-registry/venv/lib/python3.11/site-packages/starlette/concurrency.py", line 32, in run_in_threadpool
  File "/home/kareltestspecial/port-registry/venv/lib/python3.11/site-packages/anyio/to_thread.py", line 63, in run_sync
  File "/home/kareltestspecial/port-registry/venv/lib/python3.11/site-packages/anyio/_backends/_asyncio.py", line 2502, in run_sync_in_worker_thread
  File "/home/kareltestspecial/port-registry/venv/lib/python3.11/site-packages/anyio/_backends/_asyncio.py", line 986, in run
  File "/home/kareltestspecial/port-registry/server.py", line 93, in get_all_ports
  File "/home/kareltestspecial/port-registry/server.py", line 40, in load
FileNotFoundError: [Errno 2] No such file or directory: '/home/kareltestspecial/port-registry/registry.json'
ERROR:    Exception in ASGI application
Traceback (most recent call last):
  File "/home/kareltestspecial/port-registry/venv/lib/python3.11/site-packages/uvicorn/protocols/http/h11_impl.py", line 410, in run_asgi
  File "/home/kareltestspecial/port-registry/venv/lib/python3.11/site-packages/uvicorn/middleware/proxy_headers.py", line 60, in __call__
  File "/home/kareltestspecial/port-registry/venv/lib/python3.11/site-packages/fastapi/applications.py", line 1134, in __call__
  File "/home/kareltestspecial/port-registry/venv/lib/python3.11/site-packages/starlette/applications.py", line 107, in __call__
  File "/home/kareltestspecial/port-registry/venv/lib/python3.11/site-packages/starlette/middleware/errors.py", line 186, in __call__
  File "/home/kareltestspecial/port-registry/venv/lib/python3.11/site-packages/starlette/middleware/errors.py", line 164, in __call__
  File "/home/kareltestspecial/port-registry/venv/lib/python3.11/site-packages/starlette/middleware/cors.py", line 95, in __call__
  File "/home/kareltestspecial/port-registry/venv/lib/python3.11/site-packages/starlette/middleware/cors.py", line 153, in simple_response
  File "/home/kareltestspecial/port-registry/venv/lib/python3.11/site-packages/starlette/middleware/exceptions.py", line 63, in __call__
  File "/home/kareltestspecial/port-registry/venv/lib/python3.11/site-packages/starlette/_exception_handler.py", line 53, in wrapped_app
  File "/home/kareltestspecial/port-registry/venv/lib/python3.11/site-packages/starlette/_exception_handler.py", line 42, in wrapped_app
  File "/home/kareltestspecial/port-registry/venv/lib/python3.11/site-packages/fastapi/middleware/asyncexitstack.py", line 18, in __call__
  File "/home/kareltestspecial/port-registry/venv/lib/python3.11/site-packages/starlette/routing.py", line 716, in __call__
  File "/home/kareltestspecial/port-registry/venv/lib/python3.11/site-packages/starlette/routing.py", line 736, in app
  File "/home/kareltestspecial/port-registry/venv/lib/python3.11/site-packages/starlette/routing.py", line 290, in handle
  File "/home/kareltestspecial/port-registry/venv/lib/python3.11/site-packages/fastapi/routing.py", line 119, in app
  File "/home/kareltestspecial/port-registry/venv/lib/python3.11/site-packages/starlette/_exception_handler.py", line 53, in wrapped_app
  File "/home/kareltestspecial/port-registry/venv/lib/python3.11/site-packages/starlette/_exception_handler.py", line 42, in wrapped_app
  File "/home/kareltestspecial/port-registry/venv/lib/python3.11/site-packages/fastapi/routing.py", line 105, in app
  File "/home/kareltestspecial/port-registry/venv/lib/python3.11/site-packages/fastapi/routing.py", line 424, in app
  File "/home/kareltestspecial/port-registry/venv/lib/python3.11/site-packages/fastapi/routing.py", line 314, in run_endpoint_function
  File "/home/kareltestspecial/port-registry/venv/lib/python3.11/site-packages/starlette/concurrency.py", line 32, in run_in_threadpool
  File "/home/kareltestspecial/port-registry/venv/lib/python3.11/site-packages/anyio/to_thread.py", line 63, in run_sync
  File "/home/kareltestspecial/port-registry/venv/lib/python3.11/site-packages/anyio/_backends/_asyncio.py", line 2502, in run_sync_in_worker_thread
  File "/home/kareltestspecial/port-registry/venv/lib/python3.11/site-packages/anyio/_backends/_asyncio.py", line 986, in run
  File "/home/kareltestspecial/port-registry/server.py", line 93, in get_all_ports
  File "/home/kareltestspecial/port-registry/server.py", line 40, in load
FileNotFoundError: [Errno 2] No such file or directory: '/home/kareltestspecial/port-registry/registry.json'
ERROR:    Exception in ASGI application
Traceback (most recent call last):
  File "/home/kareltestspecial/port-registry/venv/lib/python3.11/site-packages/uvicorn/protocols/http/h11_impl.py", line 410, in run_asgi
  File "/home/kareltestspecial/port-registry/venv/lib/python3.11/site-packages/uvicorn/middleware/proxy_headers.py", line 60, in __call__
  File "/home/kareltestspecial/port-registry/venv/lib/python3.11/site-packages/fastapi/applications.py", line 1134, in __call__
  File "/home/kareltestspecial/port-registry/venv/lib/python3.11/site-packages/starlette/applications.py", line 107, in __call__
  File "/home/kareltestspecial/port-registry/venv/lib/python3.11/site-packages/starlette/middleware/errors.py", line 186, in __call__
  File "/home/kareltestspecial/port-registry/venv/lib/python3.11/site-packages/starlette/middleware/errors.py", line 164, in __call__
  File "/home/kareltestspecial/port-registry/venv/lib/python3.11/site-packages/starlette/middleware/cors.py", line 95, in __call__
  File "/home/kareltestspecial/port-registry/venv/lib/python3.11/site-packages/starlette/middleware/cors.py", line 153, in simple_response
  File "/home/kareltestspecial/port-registry/venv/lib/python3.11/site-packages/starlette/middleware/exceptions.py", line 63, in __call__
  File "/home/kareltestspecial/port-registry/venv/lib/python3.11/site-packages/starlette/_exception_handler.py", line 53, in wrapped_app
  File "/home/kareltestspecial/port-registry/venv/lib/python3.11/site-packages/starlette/_exception_handler.py", line 42, in wrapped_app
  File "/home/kareltestspecial/port-registry/venv/lib/python3.11/site-packages/fastapi/middleware/asyncexitstack.py", line 18, in __call__
  File "/home/kareltestspecial/port-registry/venv/lib/python3.11/site-packages/starlette/routing.py", line 716, in __call__
  File "/home/kareltestspecial/port-registry/venv/lib/python3.11/site-packages/starlette/routing.py", line 736, in app
  File "/home/kareltestspecial/port-registry/venv/lib/python3.11/site-packages/starlette/routing.py", line 290, in handle
  File "/home/kareltestspecial/port-registry/venv/lib/python3.11/site-packages/fastapi/routing.py", line 119, in app
  File "/home/kareltestspecial/port-registry/venv/lib/python3.11/site-packages/starlette/_exception_handler.py", line 53, in wrapped_app
  File "/home/kareltestspecial/port-registry/venv/lib/python3.11/site-packages/starlette/_exception_handler.py", line 42, in wrapped_app
  File "/home/kareltestspecial/port-registry/venv/lib/python3.11/site-packages/fastapi/routing.py", line 105, in app
  File "/home/kareltestspecial/port-registry/venv/lib/python3.11/site-packages/fastapi/routing.py", line 424, in app
  File "/home/kareltestspecial/port-registry/venv/lib/python3.11/site-packages/fastapi/routing.py", line 314, in run_endpoint_function
  File "/home/kareltestspecial/port-registry/venv/lib/python3.11/site-packages/starlette/concurrency.py", line 32, in run_in_threadpool
  File "/home/kareltestspecial/port-registry/venv/lib/python3.11/site-packages/anyio/to_thread.py", line 63, in run_sync
  File "/home/kareltestspecial/port-registry/venv/lib/python3.11/site-packages/anyio/_backends/_asyncio.py", line 2502, in run_sync_in_worker_thread
  File "/home/kareltestspecial/port-registry/venv/lib/python3.11/site-packages/anyio/_backends/_asyncio.py", line 986, in run
  File "/home/kareltestspecial/port-registry/server.py", line 93, in get_all_ports
  File "/home/kareltestspecial/port-registry/server.py", line 40, in load
FileNotFoundError: [Errno 2] No such file or directory: '/home/kareltestspecial/port-registry/registry.json'
ERROR:    Exception in ASGI application
Traceback (most recent call last):
  File "/home/kareltestspecial/port-registry/venv/lib/python3.11/site-packages/uvicorn/protocols/http/h11_impl.py", line 410, in run_asgi
  File "/home/kareltestspecial/port-registry/venv/lib/python3.11/site-packages/uvicorn/middleware/proxy_headers.py", line 60, in __call__
  File "/home/kareltestspecial/port-registry/venv/lib/python3.11/site-packages/fastapi/applications.py", line 1134, in __call__
  File "/home/kareltestspecial/port-registry/venv/lib/python3.11/site-packages/starlette/applications.py", line 107, in __call__
  File "/home/kareltestspecial/port-registry/venv/lib/python3.11/site-packages/starlette/middleware/errors.py", line 186, in __call__
  File "/home/kareltestspecial/port-registry/venv/lib/python3.11/site-packages/starlette/middleware/errors.py", line 164, in __call__
  File "/home/kareltestspecial/port-registry/venv/lib/python3.11/site-packages/starlette/middleware/cors.py", line 95, in __call__
  File "/home/kareltestspecial/port-registry/venv/lib/python3.11/site-packages/starlette/middleware/cors.py", line 153, in simple_response
  File "/home/kareltestspecial/port-registry/venv/lib/python3.11/site-packages/starlette/middleware/exceptions.py", line 63, in __call__
  File "/home/kareltestspecial/port-registry/venv/lib/python3.11/site-packages/starlette/_exception_handler.py", line 53, in wrapped_app
  File "/home/kareltestspecial/port-registry/venv/lib/python3.11/site-packages/starlette/_exception_handler.py", line 42, in wrapped_app
  File "/home/kareltestspecial/port-registry/venv/lib/python3.11/site-packages/fastapi/middleware/asyncexitstack.py", line 18, in __call__
  File "/home/kareltestspecial/port-registry/venv/lib/python3.11/site-packages/starlette/routing.py", line 716, in __call__
  File "/home/kareltestspecial/port-registry/venv/lib/python3.11/site-packages/starlette/routing.py", line 736, in app
  File "/home/kareltestspecial/port-registry/venv/lib/python3.11/site-packages/starlette/routing.py", line 290, in handle
  File "/home/kareltestspecial/port-registry/venv/lib/python3.11/site-packages/fastapi/routing.py", line 119, in app
  File "/home/kareltestspecial/port-registry/venv/lib/python3.11/site-packages/starlette/_exception_handler.py", line 53, in wrapped_app
  File "/home/kareltestspecial/port-registry/venv/lib/python3.11/site-packages/starlette/_exception_handler.py", line 42, in wrapped_app
  File "/home/kareltestspecial/port-registry/venv/lib/python3.11/site-packages/fastapi/routing.py", line 105, in app
  File "/home/kareltestspecial/port-registry/venv/lib/python3.11/site-packages/fastapi/routing.py", line 424, in app
  File "/home/kareltestspecial/port-registry/venv/lib/python3.11/site-packages/fastapi/routing.py", line 314, in run_endpoint_function
  File "/home/kareltestspecial/port-registry/venv/lib/python3.11/site-packages/starlette/concurrency.py", line 32, in run_in_threadpool
  File "/home/kareltestspecial/port-registry/venv/lib/python3.11/site-packages/anyio/to_thread.py", line 63, in run_sync
  File "/home/kareltestspecial/port-registry/venv/lib/python3.11/site-packages/anyio/_backends/_asyncio.py", line 2502, in run_sync_in_worker_thread
  File "/home/kareltestspecial/port-registry/venv/lib/python3.11/site-packages/anyio/_backends/_asyncio.py", line 986, in run
  File "/home/kareltestspecial/port-registry/server.py", line 93, in get_all_ports
  File "/home/kareltestspecial/port-registry/server.py", line 40, in load
FileNotFoundError: [Errno 2] No such file or directory: '/home/kareltestspecial/port-registry/registry.json'
ERROR:    Exception in ASGI application
Traceback (most recent call last):
  File "/home/kareltestspecial/port-registry/venv/lib/python3.11/site-packages/uvicorn/protocols/http/h11_impl.py", line 410, in run_asgi
  File "/home/kareltestspecial/port-registry/venv/lib/python3.11/site-packages/uvicorn/middleware/proxy_headers.py", line 60, in __call__
  File "/home/kareltestspecial/port-registry/venv/lib/python3.11/site-packages/fastapi/applications.py", line 1134, in __call__
  File "/home/kareltestspecial/port-registry/venv/lib/python3.11/site-packages/starlette/applications.py", line 107, in __call__
  File "/home/kareltestspecial/port-registry/venv/lib/python3.11/site-packages/starlette/middleware/errors.py", line 186, in __call__
  File "/home/kareltestspecial/port-registry/venv/lib/python3.11/site-packages/starlette/middleware/errors.py", line 164, in __call__
  File "/home/kareltestspecial/port-registry/venv/lib/python3.11/site-packages/starlette/middleware/cors.py", line 95, in __call__
  File "/home/kareltestspecial/port-registry/venv/lib/python3.11/site-packages/starlette/middleware/cors.py", line 153, in simple_response
  File "/home/kareltestspecial/port-registry/venv/lib/python3.11/site-packages/starlette/middleware/exceptions.py", line 63, in __call__
  File "/home/kareltestspecial/port-registry/venv/lib/python3.11/site-packages/starlette/_exception_handler.py", line 53, in wrapped_app
  File "/home/kareltestspecial/port-registry/venv/lib/python3.11/site-packages/starlette/_exception_handler.py", line 42, in wrapped_app
  File "/home/kareltestspecial/port-registry/venv/lib/python3.11/site-packages/fastapi/middleware/asyncexitstack.py", line 18, in __call__
  File "/home/kareltestspecial/port-registry/venv/lib/python3.11/site-packages/starlette/routing.py", line 716, in __call__
  File "/home/kareltestspecial/port-registry/venv/lib/python3.11/site-packages/starlette/routing.py", line 736, in app
  File "/home/kareltestspecial/port-registry/venv/lib/python3.11/site-packages/starlette/routing.py", line 290, in handle
  File "/home/kareltestspecial/port-registry/venv/lib/python3.11/site-packages/fastapi/routing.py", line 119, in app
  File "/home/kareltestspecial/port-registry/venv/lib/python3.11/site-packages/starlette/_exception_handler.py", line 53, in wrapped_app
  File "/home/kareltestspecial/port-registry/venv/lib/python3.11/site-packages/starlette/_exception_handler.py", line 42, in wrapped_app
  File "/home/kareltestspecial/port-registry/venv/lib/python3.11/site-packages/fastapi/routing.py", line 105, in app
  File "/home/kareltestspecial/port-registry/venv/lib/python3.11/site-packages/fastapi/routing.py", line 424, in app
  File "/home/kareltestspecial/port-registry/venv/lib/python3.11/site-packages/fastapi/routing.py", line 314, in run_endpoint_function
  File "/home/kareltestspecial/port-registry/venv/lib/python3.11/site-packages/starlette/concurrency.py", line 32, in run_in_threadpool
  File "/home/kareltestspecial/port-registry/venv/lib/python3.11/site-packages/anyio/to_thread.py", line 63, in run_sync
  File "/home/kareltestspecial/port-registry/venv/lib/python3.11/site-packages/anyio/_backends/_asyncio.py", line 2502, in run_sync_in_worker_thread
  File "/home/kareltestspecial/port-registry/venv/lib/python3.11/site-packages/anyio/_backends/_asyncio.py", line 986, in run
  File "/home/kareltestspecial/port-registry/server.py", line 93, in get_all_ports
  File "/home/kareltestspecial/port-registry/server.py", line 40, in load
FileNotFoundError: [Errno 2] No such file or directory: '/home/kareltestspecial/port-registry/registry.json'
ERROR:    Exception in ASGI application
Traceback (most recent call last):
  File "/home/kareltestspecial/port-registry/venv/lib/python3.11/site-packages/uvicorn/protocols/http/h11_impl.py", line 410, in run_asgi
  File "/home/kareltestspecial/port-registry/venv/lib/python3.11/site-packages/uvicorn/middleware/proxy_headers.py", line 60, in __call__
  File "/home/kareltestspecial/port-registry/venv/lib/python3.11/site-packages/fastapi/applications.py", line 1134, in __call__
  File "/home/kareltestspecial/port-registry/venv/lib/python3.11/site-packages/starlette/applications.py", line 107, in __call__
  File "/home/kareltestspecial/port-registry/venv/lib/python3.11/site-packages/starlette/middleware/errors.py", line 186, in __call__
  File "/home/kareltestspecial/port-registry/venv/lib/python3.11/site-packages/starlette/middleware/errors.py", line 164, in __call__
  File "/home/kareltestspecial/port-registry/venv/lib/python3.11/site-packages/starlette/middleware/cors.py", line 95, in __call__
  File "/home/kareltestspecial/port-registry/venv/lib/python3.11/site-packages/starlette/middleware/cors.py", line 153, in simple_response
  File "/home/kareltestspecial/port-registry/venv/lib/python3.11/site-packages/starlette/middleware/exceptions.py", line 63, in __call__
  File "/home/kareltestspecial/port-registry/venv/lib/python3.11/site-packages/starlette/_exception_handler.py", line 53, in wrapped_app
  File "/home/kareltestspecial/port-registry/venv/lib/python3.11/site-packages/starlette/_exception_handler.py", line 42, in wrapped_app
  File "/home/kareltestspecial/port-registry/venv/lib/python3.11/site-packages/fastapi/middleware/asyncexitstack.py", line 18, in __call__
  File "/home/kareltestspecial/port-registry/venv/lib/python3.11/site-packages/starlette/routing.py", line 716, in __call__
  File "/home/kareltestspecial/port-registry/venv/lib/python3.11/site-packages/starlette/routing.py", line 736, in app
  File "/home/kareltestspecial/port-registry/venv/lib/python3.11/site-packages/starlette/routing.py", line 290, in handle
  File "/home/kareltestspecial/port-registry/venv/lib/python3.11/site-packages/fastapi/routing.py", line 119, in app
  File "/home/kareltestspecial/port-registry/venv/lib/python3.11/site-packages/starlette/_exception_handler.py", line 53, in wrapped_app
  File "/home/kareltestspecial/port-registry/venv/lib/python3.11/site-packages/starlette/_exception_handler.py", line 42, in wrapped_app
  File "/home/kareltestspecial/port-registry/venv/lib/python3.11/site-packages/fastapi/routing.py", line 105, in app
  File "/home/kareltestspecial/port-registry/venv/lib/python3.11/site-packages/fastapi/routing.py", line 424, in app
  File "/home/kareltestspecial/port-registry/venv/lib/python3.11/site-packages/fastapi/routing.py", line 314, in run_endpoint_function
  File "/home/kareltestspecial/port-registry/venv/lib/python3.11/site-packages/starlette/concurrency.py", line 32, in run_in_threadpool
  File "/home/kareltestspecial/port-registry/venv/lib/python3.11/site-packages/anyio/to_thread.py", line 63, in run_sync
  File "/home/kareltestspecial/port-registry/venv/lib/python3.11/site-packages/anyio/_backends/_asyncio.py", line 2502, in run_sync_in_worker_thread
  File "/home/kareltestspecial/port-registry/venv/lib/python3.11/site-packages/anyio/_backends/_asyncio.py", line 986, in run
  File "/home/kareltestspecial/port-registry/server.py", line 93, in get_all_ports
  File "/home/kareltestspecial/port-registry/server.py", line 40, in load
FileNotFoundError: [Errno 2] No such file or directory: '/home/kareltestspecial/port-registry/registry.json'
ERROR:    Exception in ASGI application
Traceback (most recent call last):
  File "/home/kareltestspecial/port-registry/venv/lib/python3.11/site-packages/uvicorn/protocols/http/h11_impl.py", line 410, in run_asgi
  File "/home/kareltestspecial/port-registry/venv/lib/python3.11/site-packages/uvicorn/middleware/proxy_headers.py", line 60, in __call__
  File "/home/kareltestspecial/port-registry/venv/lib/python3.11/site-packages/fastapi/applications.py", line 1134, in __call__
  File "/home/kareltestspecial/port-registry/venv/lib/python3.11/site-packages/starlette/applications.py", line 107, in __call__
  File "/home/kareltestspecial/port-registry/venv/lib/python3.11/site-packages/starlette/middleware/errors.py", line 186, in __call__
  File "/home/kareltestspecial/port-registry/venv/lib/python3.11/site-packages/starlette/middleware/errors.py", line 164, in __call__
  File "/home/kareltestspecial/port-registry/venv/lib/python3.11/site-packages/starlette/middleware/cors.py", line 95, in __call__
  File "/home/kareltestspecial/port-registry/venv/lib/python3.11/site-packages/starlette/middleware/cors.py", line 153, in simple_response
  File "/home/kareltestspecial/port-registry/venv/lib/python3.11/site-packages/starlette/middleware/exceptions.py", line 63, in __call__
  File "/home/kareltestspecial/port-registry/venv/lib/python3.11/site-packages/starlette/_exception_handler.py", line 53, in wrapped_app
  File "/home/kareltestspecial/port-registry/venv/lib/python3.11/site-packages/starlette/_exception_handler.py", line 42, in wrapped_app
  File "/home/kareltestspecial/port-registry/venv/lib/python3.11/site-packages/fastapi/middleware/asyncexitstack.py", line 18, in __call__
  File "/home/kareltestspecial/port-registry/venv/lib/python3.11/site-packages/starlette/routing.py", line 716, in __call__
  File "/home/kareltestspecial/port-registry/venv/lib/python3.11/site-packages/starlette/routing.py", line 736, in app
  File "/home/kareltestspecial/port-registry/venv/lib/python3.11/site-packages/starlette/routing.py", line 290, in handle
  File "/home/kareltestspecial/port-registry/venv/lib/python3.11/site-packages/fastapi/routing.py", line 119, in app
  File "/home/kareltestspecial/port-registry/venv/lib/python3.11/site-packages/starlette/_exception_handler.py", line 53, in wrapped_app
  File "/home/kareltestspecial/port-registry/venv/lib/python3.11/site-packages/starlette/_exception_handler.py", line 42, in wrapped_app
  File "/home/kareltestspecial/port-registry/venv/lib/python3.11/site-packages/fastapi/routing.py", line 105, in app
  File "/home/kareltestspecial/port-registry/venv/lib/python3.11/site-packages/fastapi/routing.py", line 424, in app
  File "/home/kareltestspecial/port-registry/venv/lib/python3.11/site-packages/fastapi/routing.py", line 314, in run_endpoint_function
  File "/home/kareltestspecial/port-registry/venv/lib/python3.11/site-packages/starlette/concurrency.py", line 32, in run_in_threadpool
  File "/home/kareltestspecial/port-registry/venv/lib/python3.11/site-packages/anyio/to_thread.py", line 63, in run_sync
  File "/home/kareltestspecial/port-registry/venv/lib/python3.11/site-packages/anyio/_backends/_asyncio.py", line 2502, in run_sync_in_worker_thread
  File "/home/kareltestspecial/port-registry/venv/lib/python3.11/site-packages/anyio/_backends/_asyncio.py", line 986, in run
  File "/home/kareltestspecial/port-registry/server.py", line 93, in get_all_ports
  File "/home/kareltestspecial/port-registry/server.py", line 40, in load
FileNotFoundError: [Errno 2] No such file or directory: '/home/kareltestspecial/port-registry/registry.json'
ERROR:    Exception in ASGI application
Traceback (most recent call last):
  File "/home/kareltestspecial/port-registry/venv/lib/python3.11/site-packages/uvicorn/protocols/http/h11_impl.py", line 410, in run_asgi
  File "/home/kareltestspecial/port-registry/venv/lib/python3.11/site-packages/uvicorn/middleware/proxy_headers.py", line 60, in __call__
  File "/home/kareltestspecial/port-registry/venv/lib/python3.11/site-packages/fastapi/applications.py", line 1134, in __call__
  File "/home/kareltestspecial/port-registry/venv/lib/python3.11/site-packages/starlette/applications.py", line 107, in __call__
  File "/home/kareltestspecial/port-registry/venv/lib/python3.11/site-packages/starlette/middleware/errors.py", line 186, in __call__
  File "/home/kareltestspecial/port-registry/venv/lib/python3.11/site-packages/starlette/middleware/errors.py", line 164, in __call__
  File "/home/kareltestspecial/port-registry/venv/lib/python3.11/site-packages/starlette/middleware/cors.py", line 95, in __call__
  File "/home/kareltestspecial/port-registry/venv/lib/python3.11/site-packages/starlette/middleware/cors.py", line 153, in simple_response
  File "/home/kareltestspecial/port-registry/venv/lib/python3.11/site-packages/starlette/middleware/exceptions.py", line 63, in __call__
  File "/home/kareltestspecial/port-registry/venv/lib/python3.11/site-packages/starlette/_exception_handler.py", line 53, in wrapped_app
  File "/home/kareltestspecial/port-registry/venv/lib/python3.11/site-packages/starlette/_exception_handler.py", line 42, in wrapped_app
  File "/home/kareltestspecial/port-registry/venv/lib/python3.11/site-packages/fastapi/middleware/asyncexitstack.py", line 18, in __call__
  File "/home/kareltestspecial/port-registry/venv/lib/python3.11/site-packages/starlette/routing.py", line 716, in __call__
  File "/home/kareltestspecial/port-registry/venv/lib/python3.11/site-packages/starlette/routing.py", line 736, in app
  File "/home/kareltestspecial/port-registry/venv/lib/python3.11/site-packages/starlette/routing.py", line 290, in handle
  File "/home/kareltestspecial/port-registry/venv/lib/python3.11/site-packages/fastapi/routing.py", line 119, in app
  File "/home/kareltestspecial/port-registry/venv/lib/python3.11/site-packages/starlette/_exception_handler.py", line 53, in wrapped_app
  File "/home/kareltestspecial/port-registry/venv/lib/python3.11/site-packages/starlette/_exception_handler.py", line 42, in wrapped_app
  File "/home/kareltestspecial/port-registry/venv/lib/python3.11/site-packages/fastapi/routing.py", line 105, in app
  File "/home/kareltestspecial/port-registry/venv/lib/python3.11/site-packages/fastapi/routing.py", line 424, in app
  File "/home/kareltestspecial/port-registry/venv/lib/python3.11/site-packages/fastapi/routing.py", line 314, in run_endpoint_function
  File "/home/kareltestspecial/port-registry/venv/lib/python3.11/site-packages/starlette/concurrency.py", line 32, in run_in_threadpool
  File "/home/kareltestspecial/port-registry/venv/lib/python3.11/site-packages/anyio/to_thread.py", line 63, in run_sync
  File "/home/kareltestspecial/port-registry/venv/lib/python3.11/site-packages/anyio/_backends/_asyncio.py", line 2502, in run_sync_in_worker_thread
  File "/home/kareltestspecial/port-registry/venv/lib/python3.11/site-packages/anyio/_backends/_asyncio.py", line 986, in run
  File "/home/kareltestspecial/port-registry/server.py", line 93, in get_all_ports
  File "/home/kareltestspecial/port-registry/server.py", line 40, in load
FileNotFoundError: [Errno 2] No such file or directory: '/home/kareltestspecial/port-registry/registry.json'
ERROR:    Exception in ASGI application
Traceback (most recent call last):
  File "/home/kareltestspecial/port-registry/venv/lib/python3.11/site-packages/uvicorn/protocols/http/h11_impl.py", line 410, in run_asgi
  File "/home/kareltestspecial/port-registry/venv/lib/python3.11/site-packages/uvicorn/middleware/proxy_headers.py", line 60, in __call__
  File "/home/kareltestspecial/port-registry/venv/lib/python3.11/site-packages/fastapi/applications.py", line 1134, in __call__
  File "/home/kareltestspecial/port-registry/venv/lib/python3.11/site-packages/starlette/applications.py", line 107, in __call__
  File "/home/kareltestspecial/port-registry/venv/lib/python3.11/site-packages/starlette/middleware/errors.py", line 186, in __call__
  File "/home/kareltestspecial/port-registry/venv/lib/python3.11/site-packages/starlette/middleware/errors.py", line 164, in __call__
  File "/home/kareltestspecial/port-registry/venv/lib/python3.11/site-packages/starlette/middleware/cors.py", line 95, in __call__
  File "/home/kareltestspecial/port-registry/venv/lib/python3.11/site-packages/starlette/middleware/cors.py", line 153, in simple_response
  File "/home/kareltestspecial/port-registry/venv/lib/python3.11/site-packages/starlette/middleware/exceptions.py", line 63, in __call__
  File "/home/kareltestspecial/port-registry/venv/lib/python3.11/site-packages/starlette/_exception_handler.py", line 53, in wrapped_app
  File "/home/kareltestspecial/port-registry/venv/lib/python3.11/site-packages/starlette/_exception_handler.py", line 42, in wrapped_app
  File "/home/kareltestspecial/port-registry/venv/lib/python3.11/site-packages/fastapi/middleware/asyncexitstack.py", line 18, in __call__
  File "/home/kareltestspecial/port-registry/venv/lib/python3.11/site-packages/starlette/routing.py", line 716, in __call__
  File "/home/kareltestspecial/port-registry/venv/lib/python3.11/site-packages/starlette/routing.py", line 736, in app
  File "/home/kareltestspecial/port-registry/venv/lib/python3.11/site-packages/starlette/routing.py", line 290, in handle
  File "/home/kareltestspecial/port-registry/venv/lib/python3.11/site-packages/fastapi/routing.py", line 119, in app
  File "/home/kareltestspecial/port-registry/venv/lib/python3.11/site-packages/starlette/_exception_handler.py", line 53, in wrapped_app
  File "/home/kareltestspecial/port-registry/venv/lib/python3.11/site-packages/starlette/_exception_handler.py", line 42, in wrapped_app
  File "/home/kareltestspecial/port-registry/venv/lib/python3.11/site-packages/fastapi/routing.py", line 105, in app
  File "/home/kareltestspecial/port-registry/venv/lib/python3.11/site-packages/fastapi/routing.py", line 424, in app
  File "/home/kareltestspecial/port-registry/venv/lib/python3.11/site-packages/fastapi/routing.py", line 314, in run_endpoint_function
  File "/home/kareltestspecial/port-registry/venv/lib/python3.11/site-packages/starlette/concurrency.py", line 32, in run_in_threadpool
  File "/home/kareltestspecial/port-registry/venv/lib/python3.11/site-packages/anyio/to_thread.py", line 63, in run_sync
  File "/home/kareltestspecial/port-registry/venv/lib/python3.11/site-packages/anyio/_backends/_asyncio.py", line 2502, in run_sync_in_worker_thread
  File "/home/kareltestspecial/port-registry/venv/lib/python3.11/site-packages/anyio/_backends/_asyncio.py", line 986, in run
  File "/home/kareltestspecial/port-registry/server.py", line 93, in get_all_ports
  File "/home/kareltestspecial/port-registry/server.py", line 40, in load
FileNotFoundError: [Errno 2] No such file or directory: '/home/kareltestspecial/port-registry/registry.json'
ERROR:    Exception in ASGI application
Traceback (most recent call last):
  File "/home/kareltestspecial/port-registry/venv/lib/python3.11/site-packages/uvicorn/protocols/http/h11_impl.py", line 410, in run_asgi
  File "/home/kareltestspecial/port-registry/venv/lib/python3.11/site-packages/uvicorn/middleware/proxy_headers.py", line 60, in __call__
  File "/home/kareltestspecial/port-registry/venv/lib/python3.11/site-packages/fastapi/applications.py", line 1134, in __call__
  File "/home/kareltestspecial/port-registry/venv/lib/python3.11/site-packages/starlette/applications.py", line 107, in __call__
  File "/home/kareltestspecial/port-registry/venv/lib/python3.11/site-packages/starlette/middleware/errors.py", line 186, in __call__
  File "/home/kareltestspecial/port-registry/venv/lib/python3.11/site-packages/starlette/middleware/errors.py", line 164, in __call__
  File "/home/kareltestspecial/port-registry/venv/lib/python3.11/site-packages/starlette/middleware/cors.py", line 95, in __call__
  File "/home/kareltestspecial/port-registry/venv/lib/python3.11/site-packages/starlette/middleware/cors.py", line 153, in simple_response
  File "/home/kareltestspecial/port-registry/venv/lib/python3.11/site-packages/starlette/middleware/exceptions.py", line 63, in __call__
  File "/home/kareltestspecial/port-registry/venv/lib/python3.11/site-packages/starlette/_exception_handler.py", line 53, in wrapped_app
  File "/home/kareltestspecial/port-registry/venv/lib/python3.11/site-packages/starlette/_exception_handler.py", line 42, in wrapped_app
  File "/home/kareltestspecial/port-registry/venv/lib/python3.11/site-packages/fastapi/middleware/asyncexitstack.py", line 18, in __call__
  File "/home/kareltestspecial/port-registry/venv/lib/python3.11/site-packages/starlette/routing.py", line 716, in __call__
  File "/home/kareltestspecial/port-registry/venv/lib/python3.11/site-packages/starlette/routing.py", line 736, in app
  File "/home/kareltestspecial/port-registry/venv/lib/python3.11/site-packages/starlette/routing.py", line 290, in handle
  File "/home/kareltestspecial/port-registry/venv/lib/python3.11/site-packages/fastapi/routing.py", line 119, in app
  File "/home/kareltestspecial/port-registry/venv/lib/python3.11/site-packages/starlette/_exception_handler.py", line 53, in wrapped_app
  File "/home/kareltestspecial/port-registry/venv/lib/python3.11/site-packages/starlette/_exception_handler.py", line 42, in wrapped_app
  File "/home/kareltestspecial/port-registry/venv/lib/python3.11/site-packages/fastapi/routing.py", line 105, in app
  File "/home/kareltestspecial/port-registry/venv/lib/python3.11/site-packages/fastapi/routing.py", line 424, in app
  File "/home/kareltestspecial/port-registry/venv/lib/python3.11/site-packages/fastapi/routing.py", line 314, in run_endpoint_function
  File "/home/kareltestspecial/port-registry/venv/lib/python3.11/site-packages/starlette/concurrency.py", line 32, in run_in_threadpool
  File "/home/kareltestspecial/port-registry/venv/lib/python3.11/site-packages/anyio/to_thread.py", line 63, in run_sync
  File "/home/kareltestspecial/port-registry/venv/lib/python3.11/site-packages/anyio/_backends/_asyncio.py", line 2502, in run_sync_in_worker_thread
  File "/home/kareltestspecial/port-registry/venv/lib/python3.11/site-packages/anyio/_backends/_asyncio.py", line 986, in run
  File "/home/kareltestspecial/port-registry/server.py", line 93, in get_all_ports
  File "/home/kareltestspecial/port-registry/server.py", line 40, in load
FileNotFoundError: [Errno 2] No such file or directory: '/home/kareltestspecial/port-registry/registry.json'
ERROR:    Exception in ASGI application
Traceback (most recent call last):
  File "/home/kareltestspecial/port-registry/venv/lib/python3.11/site-packages/uvicorn/protocols/http/h11_impl.py", line 410, in run_asgi
  File "/home/kareltestspecial/port-registry/venv/lib/python3.11/site-packages/uvicorn/middleware/proxy_headers.py", line 60, in __call__
  File "/home/kareltestspecial/port-registry/venv/lib/python3.11/site-packages/fastapi/applications.py", line 1134, in __call__
  File "/home/kareltestspecial/port-registry/venv/lib/python3.11/site-packages/starlette/applications.py", line 107, in __call__
  File "/home/kareltestspecial/port-registry/venv/lib/python3.11/site-packages/starlette/middleware/errors.py", line 186, in __call__
  File "/home/kareltestspecial/port-registry/venv/lib/python3.11/site-packages/starlette/middleware/errors.py", line 164, in __call__
  File "/home/kareltestspecial/port-registry/venv/lib/python3.11/site-packages/starlette/middleware/cors.py", line 95, in __call__
  File "/home/kareltestspecial/port-registry/venv/lib/python3.11/site-packages/starlette/middleware/cors.py", line 153, in simple_response
  File "/home/kareltestspecial/port-registry/venv/lib/python3.11/site-packages/starlette/middleware/exceptions.py", line 63, in __call__
  File "/home/kareltestspecial/port-registry/venv/lib/python3.11/site-packages/starlette/_exception_handler.py", line 53, in wrapped_app
  File "/home/kareltestspecial/port-registry/venv/lib/python3.11/site-packages/starlette/_exception_handler.py", line 42, in wrapped_app
  File "/home/kareltestspecial/port-registry/venv/lib/python3.11/site-packages/fastapi/middleware/asyncexitstack.py", line 18, in __call__
  File "/home/kareltestspecial/port-registry/venv/lib/python3.11/site-packages/starlette/routing.py", line 716, in __call__
  File "/home/kareltestspecial/port-registry/venv/lib/python3.11/site-packages/starlette/routing.py", line 736, in app
  File "/home/kareltestspecial/port-registry/venv/lib/python3.11/site-packages/starlette/routing.py", line 290, in handle
  File "/home/kareltestspecial/port-registry/venv/lib/python3.11/site-packages/fastapi/routing.py", line 119, in app
  File "/home/kareltestspecial/port-registry/venv/lib/python3.11/site-packages/starlette/_exception_handler.py", line 53, in wrapped_app
  File "/home/kareltestspecial/port-registry/venv/lib/python3.11/site-packages/starlette/_exception_handler.py", line 42, in wrapped_app
  File "/home/kareltestspecial/port-registry/venv/lib/python3.11/site-packages/fastapi/routing.py", line 105, in app
  File "/home/kareltestspecial/port-registry/venv/lib/python3.11/site-packages/fastapi/routing.py", line 424, in app
  File "/home/kareltestspecial/port-registry/venv/lib/python3.11/site-packages/fastapi/routing.py", line 314, in run_endpoint_function
  File "/home/kareltestspecial/port-registry/venv/lib/python3.11/site-packages/starlette/concurrency.py", line 32, in run_in_threadpool
  File "/home/kareltestspecial/port-registry/venv/lib/python3.11/site-packages/anyio/to_thread.py", line 63, in run_sync
  File "/home/kareltestspecial/port-registry/venv/lib/python3.11/site-packages/anyio/_backends/_asyncio.py", line 2502, in run_sync_in_worker_thread
  File "/home/kareltestspecial/port-registry/venv/lib/python3.11/site-packages/anyio/_backends/_asyncio.py", line 986, in run
  File "/home/kareltestspecial/port-registry/server.py", line 93, in get_all_ports
  File "/home/kareltestspecial/port-registry/server.py", line 40, in load
FileNotFoundError: [Errno 2] No such file or directory: '/home/kareltestspecial/port-registry/registry.json'
ERROR:    Exception in ASGI application
Traceback (most recent call last):
  File "/home/kareltestspecial/port-registry/venv/lib/python3.11/site-packages/uvicorn/protocols/http/h11_impl.py", line 410, in run_asgi
  File "/home/kareltestspecial/port-registry/venv/lib/python3.11/site-packages/uvicorn/middleware/proxy_headers.py", line 60, in __call__
  File "/home/kareltestspecial/port-registry/venv/lib/python3.11/site-packages/fastapi/applications.py", line 1134, in __call__
  File "/home/kareltestspecial/port-registry/venv/lib/python3.11/site-packages/starlette/applications.py", line 107, in __call__
  File "/home/kareltestspecial/port-registry/venv/lib/python3.11/site-packages/starlette/middleware/errors.py", line 186, in __call__
  File "/home/kareltestspecial/port-registry/venv/lib/python3.11/site-packages/starlette/middleware/errors.py", line 164, in __call__
  File "/home/kareltestspecial/port-registry/venv/lib/python3.11/site-packages/starlette/middleware/cors.py", line 95, in __call__
  File "/home/kareltestspecial/port-registry/venv/lib/python3.11/site-packages/starlette/middleware/cors.py", line 153, in simple_response
  File "/home/kareltestspecial/port-registry/venv/lib/python3.11/site-packages/starlette/middleware/exceptions.py", line 63, in __call__
  File "/home/kareltestspecial/port-registry/venv/lib/python3.11/site-packages/starlette/_exception_handler.py", line 53, in wrapped_app
  File "/home/kareltestspecial/port-registry/venv/lib/python3.11/site-packages/starlette/_exception_handler.py", line 42, in wrapped_app
  File "/home/kareltestspecial/port-registry/venv/lib/python3.11/site-packages/fastapi/middleware/asyncexitstack.py", line 18, in __call__
  File "/home/kareltestspecial/port-registry/venv/lib/python3.11/site-packages/starlette/routing.py", line 716, in __call__
  File "/home/kareltestspecial/port-registry/venv/lib/python3.11/site-packages/starlette/routing.py", line 736, in app
  File "/home/kareltestspecial/port-registry/venv/lib/python3.11/site-packages/starlette/routing.py", line 290, in handle
  File "/home/kareltestspecial/port-registry/venv/lib/python3.11/site-packages/fastapi/routing.py", line 119, in app
  File "/home/kareltestspecial/port-registry/venv/lib/python3.11/site-packages/starlette/_exception_handler.py", line 53, in wrapped_app
  File "/home/kareltestspecial/port-registry/venv/lib/python3.11/site-packages/starlette/_exception_handler.py", line 42, in wrapped_app
  File "/home/kareltestspecial/port-registry/venv/lib/python3.11/site-packages/fastapi/routing.py", line 105, in app
  File "/home/kareltestspecial/port-registry/venv/lib/python3.11/site-packages/fastapi/routing.py", line 424, in app
  File "/home/kareltestspecial/port-registry/venv/lib/python3.11/site-packages/fastapi/routing.py", line 314, in run_endpoint_function
  File "/home/kareltestspecial/port-registry/venv/lib/python3.11/site-packages/starlette/concurrency.py", line 32, in run_in_threadpool
  File "/home/kareltestspecial/port-registry/venv/lib/python3.11/site-packages/anyio/to_thread.py", line 63, in run_sync
  File "/home/kareltestspecial/port-registry/venv/lib/python3.11/site-packages/anyio/_backends/_asyncio.py", line 2502, in run_sync_in_worker_thread
  File "/home/kareltestspecial/port-registry/venv/lib/python3.11/site-packages/anyio/_backends/_asyncio.py", line 986, in run
  File "/home/kareltestspecial/port-registry/server.py", line 93, in get_all_ports
  File "/home/kareltestspecial/port-registry/server.py", line 40, in load
FileNotFoundError: [Errno 2] No such file or directory: '/home/kareltestspecial/port-registry/registry.json'
ERROR:    Exception in ASGI application
Traceback (most recent call last):
  File "/home/kareltestspecial/port-registry/venv/lib/python3.11/site-packages/uvicorn/protocols/http/h11_impl.py", line 410, in run_asgi
  File "/home/kareltestspecial/port-registry/venv/lib/python3.11/site-packages/uvicorn/middleware/proxy_headers.py", line 60, in __call__
  File "/home/kareltestspecial/port-registry/venv/lib/python3.11/site-packages/fastapi/applications.py", line 1134, in __call__
  File "/home/kareltestspecial/port-registry/venv/lib/python3.11/site-packages/starlette/applications.py", line 107, in __call__
  File "/home/kareltestspecial/port-registry/venv/lib/python3.11/site-packages/starlette/middleware/errors.py", line 186, in __call__
  File "/home/kareltestspecial/port-registry/venv/lib/python3.11/site-packages/starlette/middleware/errors.py", line 164, in __call__
  File "/home/kareltestspecial/port-registry/venv/lib/python3.11/site-packages/starlette/middleware/cors.py", line 95, in __call__
  File "/home/kareltestspecial/port-registry/venv/lib/python3.11/site-packages/starlette/middleware/cors.py", line 153, in simple_response
  File "/home/kareltestspecial/port-registry/venv/lib/python3.11/site-packages/starlette/middleware/exceptions.py", line 63, in __call__
  File "/home/kareltestspecial/port-registry/venv/lib/python3.11/site-packages/starlette/_exception_handler.py", line 53, in wrapped_app
  File "/home/kareltestspecial/port-registry/venv/lib/python3.11/site-packages/starlette/_exception_handler.py", line 42, in wrapped_app
  File "/home/kareltestspecial/port-registry/venv/lib/python3.11/site-packages/fastapi/middleware/asyncexitstack.py", line 18, in __call__
  File "/home/kareltestspecial/port-registry/venv/lib/python3.11/site-packages/starlette/routing.py", line 716, in __call__
  File "/home/kareltestspecial/port-registry/venv/lib/python3.11/site-packages/starlette/routing.py", line 736, in app
  File "/home/kareltestspecial/port-registry/venv/lib/python3.11/site-packages/starlette/routing.py", line 290, in handle
  File "/home/kareltestspecial/port-registry/venv/lib/python3.11/site-packages/fastapi/routing.py", line 119, in app
  File "/home/kareltestspecial/port-registry/venv/lib/python3.11/site-packages/starlette/_exception_handler.py", line 53, in wrapped_app
  File "/home/kareltestspecial/port-registry/venv/lib/python3.11/site-packages/starlette/_exception_handler.py", line 42, in wrapped_app
  File "/home/kareltestspecial/port-registry/venv/lib/python3.11/site-packages/fastapi/routing.py", line 105, in app
  File "/home/kareltestspecial/port-registry/venv/lib/python3.11/site-packages/fastapi/routing.py", line 424, in app
  File "/home/kareltestspecial/port-registry/venv/lib/python3.11/site-packages/fastapi/routing.py", line 314, in run_endpoint_function
  File "/home/kareltestspecial/port-registry/venv/lib/python3.11/site-packages/starlette/concurrency.py", line 32, in run_in_threadpool
  File "/home/kareltestspecial/port-registry/venv/lib/python3.11/site-packages/anyio/to_thread.py", line 63, in run_sync
  File "/home/kareltestspecial/port-registry/venv/lib/python3.11/site-packages/anyio/_backends/_asyncio.py", line 2502, in run_sync_in_worker_thread
  File "/home/kareltestspecial/port-registry/venv/lib/python3.11/site-packages/anyio/_backends/_asyncio.py", line 986, in run
  File "/home/kareltestspecial/port-registry/server.py", line 93, in get_all_ports
  File "/home/kareltestspecial/port-registry/server.py", line 40, in load
FileNotFoundError: [Errno 2] No such file or directory: '/home/kareltestspecial/port-registry/registry.json'
ERROR:    Exception in ASGI application
Traceback (most recent call last):
  File "/home/kareltestspecial/port-registry/venv/lib/python3.11/site-packages/uvicorn/protocols/http/h11_impl.py", line 410, in run_asgi
  File "/home/kareltestspecial/port-registry/venv/lib/python3.11/site-packages/uvicorn/middleware/proxy_headers.py", line 60, in __call__
  File "/home/kareltestspecial/port-registry/venv/lib/python3.11/site-packages/fastapi/applications.py", line 1134, in __call__
  File "/home/kareltestspecial/port-registry/venv/lib/python3.11/site-packages/starlette/applications.py", line 107, in __call__
  File "/home/kareltestspecial/port-registry/venv/lib/python3.11/site-packages/starlette/middleware/errors.py", line 186, in __call__
  File "/home/kareltestspecial/port-registry/venv/lib/python3.11/site-packages/starlette/middleware/errors.py", line 164, in __call__
  File "/home/kareltestspecial/port-registry/venv/lib/python3.11/site-packages/starlette/middleware/cors.py", line 95, in __call__
  File "/home/kareltestspecial/port-registry/venv/lib/python3.11/site-packages/starlette/middleware/cors.py", line 153, in simple_response
  File "/home/kareltestspecial/port-registry/venv/lib/python3.11/site-packages/starlette/middleware/exceptions.py", line 63, in __call__
  File "/home/kareltestspecial/port-registry/venv/lib/python3.11/site-packages/starlette/_exception_handler.py", line 53, in wrapped_app
  File "/home/kareltestspecial/port-registry/venv/lib/python3.11/site-packages/starlette/_exception_handler.py", line 42, in wrapped_app
  File "/home/kareltestspecial/port-registry/venv/lib/python3.11/site-packages/fastapi/middleware/asyncexitstack.py", line 18, in __call__
  File "/home/kareltestspecial/port-registry/venv/lib/python3.11/site-packages/starlette/routing.py", line 716, in __call__
  File "/home/kareltestspecial/port-registry/venv/lib/python3.11/site-packages/starlette/routing.py", line 736, in app
  File "/home/kareltestspecial/port-registry/venv/lib/python3.11/site-packages/starlette/routing.py", line 290, in handle
  File "/home/kareltestspecial/port-registry/venv/lib/python3.11/site-packages/fastapi/routing.py", line 119, in app
  File "/home/kareltestspecial/port-registry/venv/lib/python3.11/site-packages/starlette/_exception_handler.py", line 53, in wrapped_app
  File "/home/kareltestspecial/port-registry/venv/lib/python3.11/site-packages/starlette/_exception_handler.py", line 42, in wrapped_app
  File "/home/kareltestspecial/port-registry/venv/lib/python3.11/site-packages/fastapi/routing.py", line 105, in app
  File "/home/kareltestspecial/port-registry/venv/lib/python3.11/site-packages/fastapi/routing.py", line 424, in app
  File "/home/kareltestspecial/port-registry/venv/lib/python3.11/site-packages/fastapi/routing.py", line 314, in run_endpoint_function
  File "/home/kareltestspecial/port-registry/venv/lib/python3.11/site-packages/starlette/concurrency.py", line 32, in run_in_threadpool
  File "/home/kareltestspecial/port-registry/venv/lib/python3.11/site-packages/anyio/to_thread.py", line 63, in run_sync
  File "/home/kareltestspecial/port-registry/venv/lib/python3.11/site-packages/anyio/_backends/_asyncio.py", line 2502, in run_sync_in_worker_thread
  File "/home/kareltestspecial/port-registry/venv/lib/python3.11/site-packages/anyio/_backends/_asyncio.py", line 986, in run
  File "/home/kareltestspecial/port-registry/server.py", line 93, in get_all_ports
  File "/home/kareltestspecial/port-registry/server.py", line 40, in load
FileNotFoundError: [Errno 2] No such file or directory: '/home/kareltestspecial/port-registry/registry.json'
ERROR:    Exception in ASGI application
Traceback (most recent call last):
  File "/home/kareltestspecial/port-registry/venv/lib/python3.11/site-packages/uvicorn/protocols/http/h11_impl.py", line 410, in run_asgi
  File "/home/kareltestspecial/port-registry/venv/lib/python3.11/site-packages/uvicorn/middleware/proxy_headers.py", line 60, in __call__
  File "/home/kareltestspecial/port-registry/venv/lib/python3.11/site-packages/fastapi/applications.py", line 1134, in __call__
  File "/home/kareltestspecial/port-registry/venv/lib/python3.11/site-packages/starlette/applications.py", line 107, in __call__
  File "/home/kareltestspecial/port-registry/venv/lib/python3.11/site-packages/starlette/middleware/errors.py", line 186, in __call__
  File "/home/kareltestspecial/port-registry/venv/lib/python3.11/site-packages/starlette/middleware/errors.py", line 164, in __call__
  File "/home/kareltestspecial/port-registry/venv/lib/python3.11/site-packages/starlette/middleware/cors.py", line 95, in __call__
  File "/home/kareltestspecial/port-registry/venv/lib/python3.11/site-packages/starlette/middleware/cors.py", line 153, in simple_response
  File "/home/kareltestspecial/port-registry/venv/lib/python3.11/site-packages/starlette/middleware/exceptions.py", line 63, in __call__
  File "/home/kareltestspecial/port-registry/venv/lib/python3.11/site-packages/starlette/_exception_handler.py", line 53, in wrapped_app
  File "/home/kareltestspecial/port-registry/venv/lib/python3.11/site-packages/starlette/_exception_handler.py", line 42, in wrapped_app
  File "/home/kareltestspecial/port-registry/venv/lib/python3.11/site-packages/fastapi/middleware/asyncexitstack.py", line 18, in __call__
  File "/home/kareltestspecial/port-registry/venv/lib/python3.11/site-packages/starlette/routing.py", line 716, in __call__
  File "/home/kareltestspecial/port-registry/venv/lib/python3.11/site-packages/starlette/routing.py", line 736, in app
  File "/home/kareltestspecial/port-registry/venv/lib/python3.11/site-packages/starlette/routing.py", line 290, in handle
  File "/home/kareltestspecial/port-registry/venv/lib/python3.11/site-packages/fastapi/routing.py", line 119, in app
  File "/home/kareltestspecial/port-registry/venv/lib/python3.11/site-packages/starlette/_exception_handler.py", line 53, in wrapped_app
  File "/home/kareltestspecial/port-registry/venv/lib/python3.11/site-packages/starlette/_exception_handler.py", line 42, in wrapped_app
  File "/home/kareltestspecial/port-registry/venv/lib/python3.11/site-packages/fastapi/routing.py", line 105, in app
  File "/home/kareltestspecial/port-registry/venv/lib/python3.11/site-packages/fastapi/routing.py", line 424, in app
  File "/home/kareltestspecial/port-registry/venv/lib/python3.11/site-packages/fastapi/routing.py", line 314, in run_endpoint_function
  File "/home/kareltestspecial/port-registry/venv/lib/python3.11/site-packages/starlette/concurrency.py", line 32, in run_in_threadpool
  File "/home/kareltestspecial/port-registry/venv/lib/python3.11/site-packages/anyio/to_thread.py", line 63, in run_sync
  File "/home/kareltestspecial/port-registry/venv/lib/python3.11/site-packages/anyio/_backends/_asyncio.py", line 2502, in run_sync_in_worker_thread
  File "/home/kareltestspecial/port-registry/venv/lib/python3.11/site-packages/anyio/_backends/_asyncio.py", line 986, in run
  File "/home/kareltestspecial/port-registry/server.py", line 93, in get_all_ports
  File "/home/kareltestspecial/port-registry/server.py", line 40, in load
FileNotFoundError: [Errno 2] No such file or directory: '/home/kareltestspecial/port-registry/registry.json'
